c:\cs271\project32_vs2019\debug\project.exe
c:\cs271\project32_vs2019\debug\project.ilk
c:\cs271\project32_vs2019\debug\project.pdb
c:\cs271\project32_vs2019\debug\ex6.obj
c:\cs271\project32_vs2019\debug\addtwo.obj
c:\cs271\project32_vs2019\debug\ex5.obj
c:\cs271\project32_vs2019\debug\hw2.obj
c:\cs271\project32_vs2019\debug\project.tlog\link.10180.delete.1.tlog
c:\cs271\project32_vs2019\debug\project.tlog\link.11656.delete.1.tlog
c:\cs271\project32_vs2019\debug\project.tlog\link.11988.delete.1.tlog
c:\cs271\project32_vs2019\debug\project.tlog\link.12212.delete.1.tlog
c:\cs271\project32_vs2019\debug\project.tlog\link.13148.delete.1.tlog
c:\cs271\project32_vs2019\debug\project.tlog\link.13408.delete.1.tlog
c:\cs271\project32_vs2019\debug\project.tlog\link.14948.delete.1.tlog
c:\cs271\project32_vs2019\debug\project.tlog\link.15056.delete.1.tlog
c:\cs271\project32_vs2019\debug\project.tlog\link.19972.delete.1.tlog
c:\cs271\project32_vs2019\debug\project.tlog\link.20112.delete.1.tlog
c:\cs271\project32_vs2019\debug\project.tlog\link.20680.delete.1.tlog
c:\cs271\project32_vs2019\debug\project.tlog\link.21920.delete.1.tlog
c:\cs271\project32_vs2019\debug\project.tlog\link.4424.delete.1.tlog
c:\cs271\project32_vs2019\debug\project.tlog\link.4732.delete.1.tlog
c:\cs271\project32_vs2019\debug\project.tlog\link.5084.delete.1.tlog
c:\cs271\project32_vs2019\debug\project.tlog\link.6256.delete.1.tlog
c:\cs271\project32_vs2019\debug\project.tlog\link.8024.delete.1.tlog
c:\cs271\project32_vs2019\debug\project.tlog\link.8340.delete.1.tlog
c:\cs271\project32_vs2019\debug\project.tlog\link.8720.delete.1.tlog
c:\cs271\project32_vs2019\debug\project.tlog\link.9272.delete.1.tlog
c:\cs271\project32_vs2019\debug\project.tlog\link.command.1.tlog
c:\cs271\project32_vs2019\debug\project.tlog\link.delete.1.tlog
c:\cs271\project32_vs2019\debug\project.tlog\link.read.1.tlog
c:\cs271\project32_vs2019\debug\project.tlog\link.write.1.tlog
c:\cs271\project32_vs2019\debug\project.tlog\masm.read.1u.tlog
c:\cs271\project32_vs2019\debug\project.tlog\masm.write.1u.tlog
